Grade for assignment [CaplanJason]: 9.5/10

failed 1 non-performance test


Pulled files on Fri Sep  4 10:09:17 EDT 2020
Latest commit of student files ....
Latest commit of src/main/java/edu/yu/introtoalgs/SearchWithATweak.java was on: Thu Sep 3 16:38:00 2020
building Student CaplanJason assignment code base from directory /Users/avraham/YUGitRepos/2545/CaplanJason/IntroToAlgorithms/assignments/SearchWithATweak
Picked up JAVA_TOOL_OPTIONS: -Xms4096m -Xmx15G -XX:MaxMetaspaceSize=1G
Copying Professor's JUnit source files in /Users/avraham/YUTeaching/IntroToAlgorithms/assignments/SearchWithATweak/src/test to Student CaplanJason directory tree in /Users/avraham/YUGitRepos/2545/CaplanJason/IntroToAlgorithms/assignments/SearchWithATweak/src
executing Professor's test code against Student CaplanJason code
Picked up JAVA_TOOL_OPTIONS: -Xms4096m -Xmx15G -XX:MaxMetaspaceSize=1G
[ERROR] Picked up JAVA_TOOL_OPTIONS: -Xms4096m -Xmx15G -XX:MaxMetaspaceSize=1G
Test cases to execute : 2
Execution Started : evenLeftmostMatchTest
Execution Finished : evenLeftmostMatchTest
Execution Started : simpleOddEETest
Execution Finished : simpleOddEETest
Execution Started : noMatchesEETest
Execution Finished : noMatchesEETest
Execution Started : oddMidleftMatchTest
Execution Finished : oddMidleftMatchTest
Execution Started : oddLeftmostMatchTest
Execution Finished : oddLeftmostMatchTest
Execution Started : oddMidrightMatchTest
Execution Finished : oddMidrightMatchTest
Execution Started : leftAwayFromCenterDuplicateTest
Execution Finished : leftAwayFromCenterDuplicateTest
Execution Started : improvementTest1
Execution Finished : improvementTest1
Execution Started : improvementTest2
Execution Finished : improvementTest2
Execution Started : improvementTest3
Execution Finished : improvementTest3
Execution Started : evenRIghtmidMatchTest
Execution Finished : evenRIghtmidMatchTest
Execution Started : simpleOddInputTest
Execution Finished : simpleOddInputTest
Execution Started : evenFarleftMatchTest
Execution Finished : evenFarleftMatchTest
Execution Started : oddRightmostMatchTest
Execution Finished : oddRightmostMatchTest
Execution Started : leftDuplicateTest
Execution Finished : leftDuplicateTest
Execution Started : simpleEvenEETest
Execution Finished : simpleEvenEETest
Execution Started : rightDuplicateTest
Execution Finished : rightDuplicateTest
Execution Started : evenFarrightMatchTest
Execution Finished : evenFarrightMatchTest
Execution Started : keyAbsentTest
Execution Finished : keyAbsentTest
Execution Started : evenLeftmidMatchTest
Execution Finished : evenLeftmidMatchTest
Execution Started : loadTest1
Execution Finished : loadTest1
Execution Started : loadTest2
Execution Finished : loadTest2
Execution Started : evenRightmostMatchTest
Execution Finished : evenRightmostMatchTest
Execution Started : loadTest
Execution Finished : loadTest
Execution Started : rightAwayFromCenterDuplicateTest
Execution Finished : rightAwayFromCenterDuplicateTest
Execution Started : simpleEvenInputTest
Execution Finished : simpleEvenInputTest
Execution Started : oneElementEqualsIndex
Execution Finished : oneElementEqualsIndex
Execution Started : twoElementsEqualsIndex
Execution Finished : twoElementsEqualsIndex
Execution Started : keyAppearsThrice
Execution Finished : keyAppearsThrice
Execution Started : handlesEmptyList
Execution Failure : java.lang.ArrayIndexOutOfBoundsException: Index 0 out of bounds for length 0
Execution Finished : handlesEmptyList
Execution Started : keyAppearsOnlyOnce
Execution Finished : keyAppearsOnlyOnce
Execution Started : performanceIsLogNWhenNoElementEqualsIndex
Execution Finished : performanceIsLogNWhenNoElementEqualsIndex
Execution Started : noElementEqualsIndex
Execution Finished : noElementEqualsIndex
Execution Started : performanceIsLogNEvenWithEveryElementEqualsKey
Execution Finished : performanceIsLogNEvenWithEveryElementEqualsKey
Execution Started : keyDoesNotAppear
Execution Finished : keyDoesNotAppear
Execution Started : performanceIsLogNEvenWithEveryOtherElementEqualsKey
Execution Finished : performanceIsLogNEvenWithEveryOtherElementEqualsKey
Execution Started : nothingButKeyValues
Execution Finished : nothingButKeyValues
[ERROR] Tests run: 11, Failures: 0, Errors: 1, Skipped: 0, Time elapsed: 17.143 s <<< FAILURE! - in edu.yu.introtoalgs.test.ProfessorSearchWithATweakTest
[ERROR] edu.yu.introtoalgs.test.ProfessorSearchWithATweakTest.handlesEmptyList  Time elapsed: 0 s  <<< ERROR!
java.lang.ArrayIndexOutOfBoundsException: Index 0 out of bounds for length 0
	at edu.yu.introtoalgs.test.ProfessorSearchWithATweakTest.handlesEmptyList(ProfessorSearchWithATweakTest.java:33)

Test cases executed : 37
[ERROR] Errors: 
[ERROR]   ProfessorSearchWithATweakTest.handlesEmptyList:33 Â» ArrayIndexOutOfBounds Inde...
[ERROR] Tests run: 37, Failures: 0, Errors: 1, Skipped: 0
[ERROR] Failed to execute goal org.apache.maven.plugins:maven-surefire-plugin:3.0.0-M5:test (default-test) on project SearchWithATweak: There are test failures.
[ERROR] 
[ERROR] Please refer to /Users/avraham/YUGitRepos/2545/CaplanJason/IntroToAlgorithms/assignments/SearchWithATweak/target/surefire-reports for the individual test results.
[ERROR] Please refer to dump files (if any exist) [date].dump, [date]-jvmRun[N].dump and [date].dumpstream.
[ERROR] -> [Help 1]
[ERROR] 
[ERROR] To see the full stack trace of the errors, re-run Maven with the -e switch.
[ERROR] Re-run Maven using the -X switch to enable full debug logging.
[ERROR] 
[ERROR] For more information about the errors and possible solutions, please read the following articles:
[ERROR] [Help 1] http://cwiki.apache.org/confluence/display/MAVEN/MojoFailureException
Problem invoking 'maven test target': aborting this run
